Performing C SOURCE FILE Test CMAKE_HAVE_LIBC_PTHREAD failed with the following output:
Change Dir: /home/rnd/moobot_ws/build/CMakeFiles/CMakeTmp

Run Build Command(s):/usr/bin/make cmTC_39d6c/fast && /usr/bin/make -f CMakeFiles/cmTC_39d6c.dir/build.make CMakeFiles/cmTC_39d6c.dir/build
make[1]: Entering directory '/home/rnd/moobot_ws/build/CMakeFiles/CMakeTmp'
Building C object CMakeFiles/cmTC_39d6c.dir/src.c.o
/usr/bin/cc   -DCMAKE_HAVE_LIBC_PTHREAD   -o CMakeFiles/cmTC_39d6c.dir/src.c.o   -c /home/rnd/moobot_ws/build/CMakeFiles/CMakeTmp/src.c
Linking C executable cmTC_39d6c
/usr/bin/cmake -E cmake_link_script CMakeFiles/cmTC_39d6c.dir/link.txt --verbose=1
/usr/bin/cc  -DCMAKE_HAVE_LIBC_PTHREAD    -rdynamic CMakeFiles/cmTC_39d6c.dir/src.c.o  -o cmTC_39d6c 
/usr/bin/ld: CMakeFiles/cmTC_39d6c.dir/src.c.o: in function `main':
src.c:(.text+0x46): undefined reference to `pthread_create'
/usr/bin/ld: src.c:(.text+0x52): undefined reference to `pthread_detach'
/usr/bin/ld: src.c:(.text+0x63): undefined reference to `pthread_join'
collect2: error: ld returned 1 exit status
make[1]: *** [CMakeFiles/cmTC_39d6c.dir/build.make:87: cmTC_39d6c] Error 1
make[1]: Leaving directory '/home/rnd/moobot_ws/build/CMakeFiles/CMakeTmp'
make: *** [Makefile:121: cmTC_39d6c/fast] Error 2


Source file was:
#include <pthread.h>

void* test_func(void* data)
{
  return data;
}

int main(void)
{
  pthread_t thread;
  pthread_create(&thread, NULL, test_func, NULL);
  pthread_detach(thread);
  pthread_join(thread, NULL);
  pthread_atfork(NULL, NULL, NULL);
  pthread_exit(NULL);

  return 0;
}

Determining if the function pthread_create exists in the pthreads failed with the following output:
Change Dir: /home/rnd/moobot_ws/build/CMakeFiles/CMakeTmp

Run Build Command(s):/usr/bin/make cmTC_6e21a/fast && /usr/bin/make -f CMakeFiles/cmTC_6e21a.dir/build.make CMakeFiles/cmTC_6e21a.dir/build
make[1]: Entering directory '/home/rnd/moobot_ws/build/CMakeFiles/CMakeTmp'
Building C object CMakeFiles/cmTC_6e21a.dir/CheckFunctionExists.c.o
/usr/bin/cc   -DCHECK_FUNCTION_EXISTS=pthread_create   -o CMakeFiles/cmTC_6e21a.dir/CheckFunctionExists.c.o   -c /usr/share/cmake-3.16/Modules/CheckFunctionExists.c
Linking C executable cmTC_6e21a
/usr/bin/cmake -E cmake_link_script CMakeFiles/cmTC_6e21a.dir/link.txt --verbose=1
/usr/bin/cc  -DCHECK_FUNCTION_EXISTS=pthread_create    -rdynamic CMakeFiles/cmTC_6e21a.dir/CheckFunctionExists.c.o  -o cmTC_6e21a  -lpthreads 
/usr/bin/ld: cannot find -lpthreads
collect2: error: ld returned 1 exit status
make[1]: *** [CMakeFiles/cmTC_6e21a.dir/build.make:87: cmTC_6e21a] Error 1
make[1]: Leaving directory '/home/rnd/moobot_ws/build/CMakeFiles/CMakeTmp'
make: *** [Makefile:121: cmTC_6e21a/fast] Error 2



Determining if the include file FL/Fl.H exists failed with the following output:
Change Dir: /home/rnd/moobot_ws/build/CMakeFiles/CMakeTmp

Run Build Command(s):/usr/bin/make cmTC_8e90a/fast && /usr/bin/make -f CMakeFiles/cmTC_8e90a.dir/build.make CMakeFiles/cmTC_8e90a.dir/build
make[1]: Entering directory '/home/rnd/moobot_ws/build/CMakeFiles/CMakeTmp'
Building CXX object CMakeFiles/cmTC_8e90a.dir/CheckIncludeFile.cxx.o
/usr/bin/c++     -o CMakeFiles/cmTC_8e90a.dir/CheckIncludeFile.cxx.o -c /home/rnd/moobot_ws/build/CMakeFiles/CMakeTmp/CheckIncludeFile.cxx
/home/rnd/moobot_ws/build/CMakeFiles/CMakeTmp/CheckIncludeFile.cxx:1:10: fatal error: FL/Fl.H: No such file or directory
    1 | #include <FL/Fl.H>
      |          ^~~~~~~~~
compilation terminated.
make[1]: *** [CMakeFiles/cmTC_8e90a.dir/build.make:66: CMakeFiles/cmTC_8e90a.dir/CheckIncludeFile.cxx.o] Error 1
make[1]: Leaving directory '/home/rnd/moobot_ws/build/CMakeFiles/CMakeTmp'
make: *** [Makefile:121: cmTC_8e90a/fast] Error 2



Determining if the include file pgm.h exists failed with the following output:
Change Dir: /home/rnd/moobot_ws/build/CMakeFiles/CMakeTmp

Run Build Command(s):/usr/bin/make cmTC_a199c/fast && /usr/bin/make -f CMakeFiles/cmTC_a199c.dir/build.make CMakeFiles/cmTC_a199c.dir/build
make[1]: Entering directory '/home/rnd/moobot_ws/build/CMakeFiles/CMakeTmp'
Building CXX object CMakeFiles/cmTC_a199c.dir/CheckIncludeFile.cxx.o
/usr/bin/c++     -o CMakeFiles/cmTC_a199c.dir/CheckIncludeFile.cxx.o -c /home/rnd/moobot_ws/build/CMakeFiles/CMakeTmp/CheckIncludeFile.cxx
/home/rnd/moobot_ws/build/CMakeFiles/CMakeTmp/CheckIncludeFile.cxx:1:10: fatal error: pgm.h: No such file or directory
    1 | #include <pgm.h>
      |          ^~~~~~~
compilation terminated.
make[1]: *** [CMakeFiles/cmTC_a199c.dir/build.make:66: CMakeFiles/cmTC_a199c.dir/CheckIncludeFile.cxx.o] Error 1
make[1]: Leaving directory '/home/rnd/moobot_ws/build/CMakeFiles/CMakeTmp'
make: *** [Makefile:121: cmTC_a199c/fast] Error 2



