2023-08-14 17:21:58,273 - INFO: start to connect serial port
2023-08-14 17:21:58,273 - INFO: try to use connected port /dev/ttyS4 in history
2023-08-14 17:21:58,273 - INFO: try to use connected port /dev/ttyUSB3 in history
2023-08-14 17:21:58,273 - INFO: try to use connected port /dev/ttyUSB2 in history
2023-08-14 17:21:58,273 - INFO: try /dev/ttyS4:460800
2023-08-14 17:21:58,274 - INFO: try /dev/ttyUSB3:460800
2023-08-14 17:21:58,274 - INFO: try to use connected port /dev/ttyUSB1 in history
2023-08-14 17:21:58,284 - INFO: try /dev/ttyUSB2:460800
2023-08-14 17:21:58,323 - INFO: try /dev/ttyUSB1:460800
2023-08-14 17:22:03,573 - INFO: try /dev/ttyS4:115200
2023-08-14 17:22:03,609 - INFO: try /dev/ttyUSB2:115200
2023-08-14 17:22:03,614 - INFO: try /dev/ttyUSB1:115200
2023-08-14 17:22:03,641 - INFO: try /dev/ttyUSB3:115200
2023-08-14 17:22:08,867 - INFO: try /dev/ttyS4:57600
2023-08-14 17:22:08,877 - INFO: try /dev/ttyUSB3:57600
2023-08-14 17:22:08,919 - INFO: try /dev/ttyUSB1:57600
2023-08-14 17:22:08,930 - INFO: try /dev/ttyUSB2:57600
2023-08-14 17:22:14,160 - INFO: try /dev/ttyUSB3:230400
2023-08-14 17:22:14,181 - INFO: try /dev/ttyS4:230400
2023-08-14 17:22:14,181 - INFO: try /dev/ttyUSB1:230400
2023-08-14 17:22:14,196 - INFO: try /dev/ttyUSB2:230400
2023-08-14 17:22:19,445 - INFO: try /dev/ttyS4:38400
2023-08-14 17:22:19,481 - INFO: try /dev/ttyUSB3:38400
2023-08-14 17:22:19,507 - INFO: try /dev/ttyUSB2:38400
2023-08-14 17:22:19,518 - INFO: try /dev/ttyUSB1:38400
2023-08-14 17:22:24,748 - INFO: try to use connected port /dev/ttyUSB0 in history
2023-08-14 17:22:24,758 - INFO: try /dev/ttyUSB0:460800
2023-08-14 17:22:28,433 - INFO: try /dev/ttyUSB0:115200
2023-08-14 17:22:30,027 - INFO: Connected Device info # Connected OpenIMU #
Device: OpenIMU300ZI 5020-3886-02 04.01.04 SN:2008400430 
Firmware: OpenIMU300ZI IMU 04.01.04
2023-08-14 17:22:32,942 - INFO: try to use last connected port /dev/ttyUSB0 115200
2023-08-14 17:22:32,943 - INFO: /dev/ttyUSB0 : 115200 open failed
2023-08-14 17:22:32,949 - INFO: port:/dev/ttyUSB0 is in use
2023-08-14 17:22:32,949 - INFO: start to connect serial port
2023-08-14 17:22:32,950 - INFO: try to use connected port /dev/ttyS4 in history
2023-08-14 17:22:32,950 - INFO: try to use connected port /dev/ttyUSB3 in history
2023-08-14 17:22:32,950 - INFO: try /dev/ttyS4:460800
2023-08-14 17:22:32,950 - INFO: try to use connected port /dev/ttyUSB2 in history
2023-08-14 17:22:32,950 - INFO: try to use connected port /dev/ttyUSB1 in history
2023-08-14 17:22:32,950 - INFO: try /dev/ttyUSB3:460800
2023-08-14 17:22:32,986 - INFO: try /dev/ttyUSB2:460800
2023-08-14 17:22:32,992 - INFO: try /dev/ttyUSB1:460800
2023-08-14 17:22:38,243 - INFO: try /dev/ttyS4:115200
2023-08-14 17:22:38,273 - INFO: try /dev/ttyUSB2:115200
2023-08-14 17:22:38,299 - INFO: try /dev/ttyUSB1:115200
2023-08-14 17:22:38,330 - INFO: try /dev/ttyUSB3:115200
2023-08-14 17:22:43,529 - INFO: try /dev/ttyS4:57600
2023-08-14 17:22:43,571 - INFO: try /dev/ttyUSB2:57600
2023-08-14 17:22:43,596 - INFO: try /dev/ttyUSB1:57600
2023-08-14 17:22:43,660 - INFO: try /dev/ttyUSB3:57600
2023-08-14 17:22:48,834 - INFO: try /dev/ttyS4:230400
2023-08-14 17:22:48,860 - INFO: try /dev/ttyUSB1:230400
2023-08-14 17:22:48,897 - INFO: try /dev/ttyUSB2:230400
2023-08-14 17:22:49,002 - INFO: try /dev/ttyUSB3:230400
2023-08-14 17:22:54,119 - INFO: try /dev/ttyS4:38400
2023-08-14 17:22:54,140 - INFO: try /dev/ttyUSB1:38400
2023-08-14 17:22:54,202 - INFO: try /dev/ttyUSB2:38400
2023-08-14 17:22:54,317 - INFO: try /dev/ttyUSB3:38400
2023-08-14 17:23:00,094 - INFO: try to use last connected port /dev/ttyUSB0 115200
2023-08-14 17:23:00,095 - INFO: /dev/ttyUSB0 : 115200 open failed
2023-08-14 17:23:00,101 - INFO: port:/dev/ttyUSB0 is in use
2023-08-14 17:23:00,101 - INFO: start to connect serial port
2023-08-14 17:23:00,101 - INFO: try to use connected port /dev/ttyS4 in history
2023-08-14 17:23:00,101 - INFO: try to use connected port /dev/ttyUSB3 in history
2023-08-14 17:23:00,101 - INFO: try to use connected port /dev/ttyUSB2 in history
2023-08-14 17:23:00,101 - INFO: try /dev/ttyS4:460800
2023-08-14 17:23:00,101 - INFO: try /dev/ttyUSB3:460800
2023-08-14 17:23:00,102 - INFO: try to use connected port /dev/ttyUSB1 in history
2023-08-14 17:23:00,107 - INFO: try /dev/ttyUSB2:460800
2023-08-14 17:23:00,138 - INFO: try /dev/ttyUSB1:460800
2023-08-14 17:23:05,417 - INFO: try /dev/ttyUSB3:115200
2023-08-14 17:23:05,448 - INFO: try /dev/ttyUSB2:115200
2023-08-14 17:23:05,448 - INFO: try /dev/ttyS4:115200
2023-08-14 17:23:05,454 - INFO: try /dev/ttyUSB1:115200
2023-08-14 17:23:10,685 - INFO: try /dev/ttyUSB3:57600
2023-08-14 17:23:10,735 - INFO: try /dev/ttyS4:57600
2023-08-14 17:23:10,771 - INFO: try /dev/ttyUSB2:57600
2023-08-14 17:23:10,802 - INFO: try /dev/ttyUSB1:57600
2023-08-14 17:23:15,969 - INFO: try /dev/ttyUSB3:230400
2023-08-14 17:23:16,021 - INFO: try /dev/ttyS4:230400
2023-08-14 17:23:16,052 - INFO: try /dev/ttyUSB2:230400
2023-08-14 17:23:16,098 - INFO: try /dev/ttyUSB1:230400
2023-08-14 17:23:21,277 - INFO: try /dev/ttyUSB3:38400
2023-08-14 17:23:21,334 - INFO: try /dev/ttyS4:38400
2023-08-14 17:23:21,339 - INFO: try /dev/ttyUSB2:38400
2023-08-14 17:23:21,434 - INFO: try /dev/ttyUSB1:38400
2023-08-14 17:23:27,220 - INFO: try to use last connected port /dev/ttyUSB0 115200
2023-08-14 17:23:27,220 - INFO: /dev/ttyUSB0 : 115200 open failed
2023-08-14 17:23:27,226 - INFO: port:/dev/ttyUSB0 is in use
2023-08-14 17:23:27,226 - INFO: start to connect serial port
2023-08-14 17:23:27,226 - INFO: try to use connected port /dev/ttyS4 in history
2023-08-14 17:23:27,227 - INFO: try to use connected port /dev/ttyUSB3 in history
2023-08-14 17:23:27,227 - INFO: try to use connected port /dev/ttyUSB2 in history
2023-08-14 17:23:27,227 - INFO: try to use connected port /dev/ttyUSB1 in history
2023-08-14 17:23:27,237 - INFO: try /dev/ttyS4:460800
2023-08-14 17:23:27,253 - INFO: try /dev/ttyUSB3:460800
2023-08-14 17:23:27,263 - INFO: try /dev/ttyUSB2:460800
2023-08-14 17:23:27,278 - INFO: try /dev/ttyUSB1:460800
2023-08-14 17:23:32,549 - INFO: try /dev/ttyS4:115200
2023-08-14 17:23:32,570 - INFO: try /dev/ttyUSB1:115200
2023-08-14 17:23:32,581 - INFO: try /dev/ttyUSB3:115200
2023-08-14 17:23:32,612 - INFO: try /dev/ttyUSB2:115200
2023-08-14 17:23:37,833 - INFO: try /dev/ttyS4:57600
2023-08-14 17:23:37,869 - INFO: try /dev/ttyUSB1:57600
2023-08-14 17:23:37,905 - INFO: try /dev/ttyUSB3:57600
2023-08-14 17:23:37,916 - INFO: try /dev/ttyUSB2:57600
2023-08-14 17:23:43,118 - INFO: try /dev/ttyS4:230400
2023-08-14 17:23:43,139 - INFO: try /dev/ttyUSB1:230400
2023-08-14 17:23:43,190 - INFO: try /dev/ttyUSB2:230400
2023-08-14 17:23:43,201 - INFO: try /dev/ttyUSB3:230400
2023-08-14 17:23:48,396 - INFO: try /dev/ttyS4:38400
2023-08-14 17:23:48,455 - INFO: try /dev/ttyUSB1:38400
2023-08-14 17:23:48,481 - INFO: try /dev/ttyUSB3:38400
2023-08-14 17:23:48,497 - INFO: try /dev/ttyUSB2:38400
2023-08-14 17:23:50,943 - INFO: Error while confirm device read failed: device reports readiness to read but returned no data (device disconnected or multiple access on port?)
2023-08-14 17:23:50,949 - INFO: Error while confirm device read failed: device reports readiness to read but returned no data (device disconnected or multiple access on port?)
2023-08-14 17:23:50,949 - INFO: Error while confirm device write failed: [Errno 5] Input/output error
2023-08-14 17:23:54,141 - INFO: try to use last connected port /dev/ttyUSB0 115200
2023-08-14 17:23:54,141 - INFO: /dev/ttyUSB0 : 115200 open failed
2023-08-14 17:23:54,146 - INFO: start to connect serial port
2023-08-14 17:23:54,146 - INFO: try to use connected port /dev/ttyS4 in history
2023-08-14 17:23:54,152 - INFO: try /dev/ttyS4:460800
2023-08-14 17:23:59,369 - INFO: try /dev/ttyS4:115200
2023-08-14 17:24:04,619 - INFO: try /dev/ttyS4:57600
2023-08-14 17:24:09,888 - INFO: try /dev/ttyS4:230400
2023-08-14 17:24:15,176 - INFO: try /dev/ttyS4:38400
2023-08-14 17:24:20,920 - INFO: try to use last connected port /dev/ttyUSB0 115200
2023-08-14 17:24:20,921 - INFO: /dev/ttyUSB0 : 115200 open failed
2023-08-14 17:24:20,926 - INFO: start to connect serial port
2023-08-14 17:24:20,926 - INFO: try to use connected port /dev/ttyS4 in history
2023-08-14 17:24:20,936 - INFO: try /dev/ttyS4:460800
2023-08-14 17:24:26,178 - INFO: try /dev/ttyS4:115200
2023-08-14 17:24:31,435 - INFO: try /dev/ttyS4:57600
2023-08-14 17:24:36,718 - INFO: try /dev/ttyS4:230400
2023-08-14 17:24:42,000 - INFO: try /dev/ttyS4:38400
2023-08-14 17:24:47,741 - INFO: try to use last connected port /dev/ttyUSB0 115200
2023-08-14 17:24:47,742 - INFO: /dev/ttyUSB0 : 115200 open failed
2023-08-14 17:24:47,750 - INFO: start to connect serial port
2023-08-14 17:24:47,750 - INFO: try to use connected port /dev/ttyS4 in history
2023-08-14 17:24:47,750 - INFO: try /dev/ttyS4:460800
2023-08-14 17:24:47,751 - INFO: try to use connected port /dev/ttyUSB4 in history
2023-08-14 17:24:47,751 - INFO: try to use connected port /dev/ttyUSB3 in history
2023-08-14 17:24:47,751 - INFO: try to use connected port /dev/ttyUSB2 in history
2023-08-14 17:24:47,751 - INFO: try /dev/ttyUSB4:460800
2023-08-14 17:24:47,751 - INFO: try /dev/ttyUSB3:460800
2023-08-14 17:24:47,756 - INFO: try /dev/ttyUSB2:460800
2023-08-14 17:24:53,017 - INFO: try /dev/ttyS4:115200
2023-08-14 17:24:53,048 - INFO: try /dev/ttyUSB4:115200
2023-08-14 17:24:53,079 - INFO: try /dev/ttyUSB3:115200
2023-08-14 17:24:53,095 - INFO: try /dev/ttyUSB2:115200
2023-08-14 17:24:58,300 - INFO: try /dev/ttyS4:57600
2023-08-14 17:24:58,346 - INFO: try /dev/ttyUSB4:57600
2023-08-14 17:24:58,367 - INFO: try /dev/ttyUSB2:57600
2023-08-14 17:24:58,372 - INFO: try /dev/ttyUSB3:57600
2023-08-14 17:25:03,584 - INFO: try /dev/ttyS4:230400
2023-08-14 17:25:03,665 - INFO: try /dev/ttyUSB4:230400
2023-08-14 17:25:03,670 - INFO: try /dev/ttyUSB2:230400
2023-08-14 17:25:03,676 - INFO: try /dev/ttyUSB3:230400
2023-08-14 17:25:08,855 - INFO: try /dev/ttyS4:38400
2023-08-14 17:25:08,991 - INFO: try /dev/ttyUSB3:38400
2023-08-14 17:25:08,996 - INFO: try /dev/ttyUSB4:38400
2023-08-14 17:25:09,002 - INFO: try /dev/ttyUSB2:38400
2023-08-14 17:25:14,113 - INFO: try to use connected port /dev/ttyUSB1 in history
2023-08-14 17:25:14,128 - INFO: try /dev/ttyUSB1:460800
2023-08-14 17:25:17,487 - INFO: Error while confirm device read failed: device reports readiness to read but returned no data (device disconnected or multiple access on port?)
2023-08-14 17:25:17,592 - INFO: try /dev/ttyUSB1:115200
2023-08-14 17:25:18,622 - INFO: Error while confirm device read failed: device reports readiness to read but returned no data (device disconnected or multiple access on port?)
2023-08-14 17:25:18,758 - INFO: try /dev/ttyUSB1:57600
2023-08-14 17:25:19,454 - INFO: Error while confirm device read failed: device reports readiness to read but returned no data (device disconnected or multiple access on port?)
2023-08-14 17:25:19,595 - INFO: try /dev/ttyUSB1:230400
2023-08-14 17:25:24,763 - INFO: try /dev/ttyUSB1:38400
2023-08-14 17:25:25,346 - INFO: Error while confirm device read failed: device reports readiness to read but returned no data (device disconnected or multiple access on port?)
2023-08-14 17:25:25,987 - INFO: try to use last connected port /dev/ttyUSB1 115200
2023-08-14 17:25:26,141 - INFO: Error while confirm device read failed: device reports readiness to read but returned no data (device disconnected or multiple access on port?)
2023-08-14 17:25:26,147 - INFO: start to connect serial port
2023-08-14 17:25:26,147 - INFO: try to use connected port /dev/ttyS4 in history
2023-08-14 17:25:26,148 - INFO: try /dev/ttyS4:460800
2023-08-14 17:25:26,148 - INFO: try to use connected port /dev/ttyUSB4 in history
2023-08-14 17:25:26,148 - INFO: try to use connected port /dev/ttyUSB3 in history
2023-08-14 17:25:26,148 - INFO: try to use connected port /dev/ttyUSB2 in history
2023-08-14 17:25:26,163 - INFO: try /dev/ttyUSB4:460800
2023-08-14 17:25:26,179 - INFO: try /dev/ttyUSB3:460800
2023-08-14 17:25:26,189 - INFO: try /dev/ttyUSB2:460800
2023-08-14 17:25:31,384 - INFO: try /dev/ttyS4:115200
2023-08-14 17:25:31,469 - INFO: try /dev/ttyUSB2:115200
2023-08-14 17:25:31,495 - INFO: try /dev/ttyUSB4:115200
2023-08-14 17:25:31,511 - INFO: try /dev/ttyUSB3:115200
2023-08-14 17:25:36,633 - INFO: try /dev/ttyS4:57600
2023-08-14 17:25:36,769 - INFO: try /dev/ttyUSB4:57600
2023-08-14 17:25:36,795 - INFO: try /dev/ttyUSB3:57600
2023-08-14 17:25:36,811 - INFO: try /dev/ttyUSB2:57600
2023-08-14 17:25:41,937 - INFO: try /dev/ttyS4:230400
2023-08-14 17:25:42,080 - INFO: try /dev/ttyUSB4:230400
2023-08-14 17:25:42,095 - INFO: try /dev/ttyUSB3:230400
2023-08-14 17:25:42,101 - INFO: try /dev/ttyUSB2:230400
2023-08-14 17:25:47,238 - INFO: try /dev/ttyS4:38400
2023-08-14 17:25:47,374 - INFO: try /dev/ttyUSB4:38400
2023-08-14 17:25:47,406 - INFO: try /dev/ttyUSB3:38400
2023-08-14 17:25:47,416 - INFO: try /dev/ttyUSB2:38400
2023-08-14 17:25:52,517 - INFO: try to use connected port /dev/ttyUSB1 in history
2023-08-14 17:25:52,858 - INFO: Error while confirm device read failed: device reports readiness to read but returned no data (device disconnected or multiple access on port?)
2023-08-14 17:25:52,894 - INFO: try /dev/ttyUSB1:460800
2023-08-14 17:25:53,060 - INFO: Error while confirm device read failed: device reports readiness to read but returned no data (device disconnected or multiple access on port?)
2023-08-14 17:25:53,201 - INFO: try /dev/ttyUSB1:115200
2023-08-14 17:25:53,369 - INFO: Error while confirm device read failed: device reports readiness to read but returned no data (device disconnected or multiple access on port?)
2023-08-14 17:25:53,515 - INFO: try /dev/ttyUSB1:57600
2023-08-14 17:25:53,760 - INFO: Error while confirm device read failed: device reports readiness to read but returned no data (device disconnected or multiple access on port?)
2023-08-14 17:25:53,896 - INFO: try /dev/ttyUSB1:230400
2023-08-14 17:25:54,067 - INFO: Error while confirm device read failed: device reports readiness to read but returned no data (device disconnected or multiple access on port?)
2023-08-14 17:25:54,208 - INFO: try /dev/ttyUSB1:38400
2023-08-14 17:25:54,355 - INFO: Error while confirm device read failed: device reports readiness to read but returned no data (device disconnected or multiple access on port?)
2023-08-14 17:25:54,997 - INFO: try to use last connected port /dev/ttyUSB1 115200
2023-08-14 17:25:55,128 - INFO: Error while confirm device read failed: device reports readiness to read but returned no data (device disconnected or multiple access on port?)
2023-08-14 17:25:55,135 - INFO: start to connect serial port
2023-08-14 17:25:55,156 - INFO: try to use connected port /dev/ttyS4 in history
2023-08-14 17:25:55,156 - INFO: try to use connected port /dev/ttyUSB4 in history
2023-08-14 17:25:55,156 - INFO: try to use connected port /dev/ttyUSB3 in history
2023-08-14 17:25:55,156 - INFO: try to use connected port /dev/ttyUSB2 in history
2023-08-14 17:25:55,176 - INFO: try /dev/ttyS4:460800
2023-08-14 17:25:55,187 - INFO: try /dev/ttyUSB4:460800
2023-08-14 17:25:55,197 - INFO: try /dev/ttyUSB3:460800
2023-08-14 17:25:55,218 - INFO: try /dev/ttyUSB2:460800
2023-08-14 17:26:00,511 - INFO: try /dev/ttyUSB4:115200
2023-08-14 17:26:00,547 - INFO: try /dev/ttyUSB3:115200
2023-08-14 17:26:00,552 - INFO: try /dev/ttyUSB2:115200
2023-08-14 17:26:00,568 - INFO: try /dev/ttyS4:115200
2023-08-14 17:26:05,816 - INFO: try /dev/ttyUSB4:57600
2023-08-14 17:26:05,853 - INFO: try /dev/ttyUSB2:57600
2023-08-14 17:26:05,858 - INFO: try /dev/ttyS4:57600
2023-08-14 17:26:05,889 - INFO: try /dev/ttyUSB3:57600
2023-08-14 17:26:11,095 - INFO: try /dev/ttyUSB4:230400
2023-08-14 17:26:11,149 - INFO: try /dev/ttyUSB2:230400
2023-08-14 17:26:11,165 - INFO: try /dev/ttyUSB3:230400
2023-08-14 17:26:11,181 - INFO: try /dev/ttyS4:230400
2023-08-14 17:26:16,399 - INFO: try /dev/ttyUSB4:38400
2023-08-14 17:26:16,429 - INFO: try /dev/ttyUSB2:38400
2023-08-14 17:26:16,478 - INFO: try /dev/ttyUSB3:38400
2023-08-14 17:26:16,499 - INFO: try /dev/ttyS4:38400
2023-08-14 17:26:21,805 - INFO: try to use connected port /dev/ttyUSB1 in history
2023-08-14 17:26:22,265 - INFO: Connected Device info # Connected OpenIMU #
Device: OpenIMU300ZI 5020-3886-02 04.01.04 SN:2008400430 
Firmware: OpenIMU300ZI IMU 04.01.04
2023-08-14 17:26:44,898 - INFO: crc check error! packet_type:z1
2023-08-14 17:26:57,076 - INFO: crc check error! packet_type:Ô%
2023-08-14 17:26:58,377 - INFO: crc check error! packet_type:Q;
2023-08-14 17:27:33,818 - INFO: crc check error! packet_type:éQ
