2023-08-29 12:58:58,930 - INFO: try to use last connected port /dev/ttyUSB1 115200
2023-08-29 12:59:02,284 - INFO: start to connect serial port
2023-08-29 12:59:02,284 - INFO: try to use connected port /dev/ttyS4 in history
2023-08-29 12:59:02,284 - INFO: try /dev/ttyS4:460800
2023-08-29 12:59:02,284 - INFO: try to use connected port /dev/ttyUSB3 in history
2023-08-29 12:59:02,285 - INFO: try to use connected port /dev/ttyUSB2 in history
2023-08-29 12:59:02,285 - INFO: try to use connected port /dev/ttyUSB1 in history
2023-08-29 12:59:02,285 - INFO: try /dev/ttyUSB3:460800
2023-08-29 12:59:06,017 - INFO: try /dev/ttyUSB2:460800
2023-08-29 12:59:06,033 - INFO: try /dev/ttyUSB1:460800
2023-08-29 12:59:07,540 - INFO: try /dev/ttyS4:115200
2023-08-29 12:59:07,640 - INFO: try /dev/ttyUSB3:115200
2023-08-29 12:59:11,284 - INFO: try /dev/ttyUSB2:115200
2023-08-29 12:59:11,331 - INFO: try /dev/ttyUSB1:115200
2023-08-29 12:59:12,847 - INFO: try /dev/ttyS4:57600
2023-08-29 12:59:12,931 - INFO: try /dev/ttyUSB3:57600
2023-08-29 12:59:16,599 - INFO: try /dev/ttyUSB1:57600
2023-08-29 12:59:16,610 - INFO: try /dev/ttyUSB2:57600
2023-08-29 12:59:18,138 - INFO: try /dev/ttyS4:230400
2023-08-29 12:59:18,196 - INFO: try /dev/ttyUSB3:230400
2023-08-29 12:59:21,888 - INFO: try /dev/ttyUSB1:230400
2023-08-29 12:59:21,915 - INFO: try /dev/ttyUSB2:230400
2023-08-29 12:59:23,423 - INFO: try /dev/ttyS4:38400
2023-08-29 12:59:23,506 - INFO: try /dev/ttyUSB3:38400
2023-08-29 12:59:27,161 - INFO: try /dev/ttyUSB1:38400
2023-08-29 12:59:27,188 - INFO: try /dev/ttyUSB2:38400
2023-08-29 12:59:28,709 - INFO: try to use connected port /dev/ttyUSB0 in history
2023-08-29 12:59:29,164 - ERROR: Parse data as string failed
2023-08-29 12:59:29,393 - INFO: Connected Device info # Connected OpenIMU #
Device: OpenIMU300ZI 5020-3886-02 04.01.04 SN:2008400430 
Firmware: OpenIMU300ZI IMU 04.01.04
2023-08-29 12:59:32,202 - INFO: crc check error! packet_type:z1
2023-08-29 12:59:32,204 - INFO: crc check error! packet_type:z1
2023-08-29 12:59:32,306 - INFO: crc check error! packet_type:z1
